{
  "stats": {
    "suites": 2,
    "tests": 14,
    "passes": 14,
    "pending": 0,
    "failures": 0,
    "start": "2019-12-09T11:26:55.203Z",
    "end": "2019-12-09T11:26:55.203Z",
    "duration": 41758,
    "testsRegistered": 14,
    "passPercent": 100,
    "pendingPercent": 0,
    "other": 0,
    "hasOther": false,
    "skipped": 0,
    "hasSkipped": false
  },
  "results": [
    {
      "uuid": "3d0af25c-d4bb-46ef-9511-2d16faffbc9d",
      "title": "",
      "fullFile": "",
      "file": "",
      "beforeHooks": [],
      "afterHooks": [],
      "tests": [],
      "suites": [
        {
          "uuid": "705d7ba1-a107-4e4f-80c3-879c28bd40af",
          "title": "Suite 5 - File 3",
          "fullFile": "",
          "file": "",
          "beforeHooks": [],
          "afterHooks": [],
          "tests": [
            {
              "title": "Suite 5 - Test 1",
              "fullTitle": "Suite 5 - File 3 Suite 5 - Test 1",
              "timedOut": null,
              "duration": 2252,
              "state": "passed",
              "speed": "slow",
              "pass": true,
              "fail": false,
              "pending": false,
              "context": null,
              "code": "cy.wait(2000);\ncy.log(\"1st test passed\");",
              "err": {},
              "uuid": "46628dd1-eb4c-422d-ab2f-c23c07ad50b4",
              "parentUUID": "705d7ba1-a107-4e4f-80c3-879c28bd40af",
              "isHook": false,
              "skipped": false
            },
            {
              "title": "Suite 5 - Test 2",
              "fullTitle": "Suite 5 - File 3 Suite 5 - Test 2",
              "timedOut": null,
              "duration": 2065,
              "state": "passed",
              "speed": "slow",
              "pass": true,
              "fail": false,
              "pending": false,
              "context": null,
              "code": "cy.wait(2000);\ncy.log(\"2nd test passed\");",
              "err": {},
              "uuid": "233a85f0-7a08-4728-880f-614d8fd0e64e",
              "parentUUID": "705d7ba1-a107-4e4f-80c3-879c28bd40af",
              "isHook": false,
              "skipped": false
            },
            {
              "title": "Suite 5 - Test 3",
              "fullTitle": "Suite 5 - File 3 Suite 5 - Test 3",
              "timedOut": null,
              "duration": 2024,
              "state": "passed",
              "speed": "slow",
              "pass": true,
              "fail": false,
              "pending": false,
              "context": null,
              "code": "cy.wait(2000);\ncy.log(\"3rd test passed\");",
              "err": {},
              "uuid": "e32464b6-0e35-46e8-ad61-8182fa8698e4",
              "parentUUID": "705d7ba1-a107-4e4f-80c3-879c28bd40af",
              "isHook": false,
              "skipped": false
            },
            {
              "title": "Suite 5 - Test 4",
              "fullTitle": "Suite 5 - File 3 Suite 5 - Test 4",
              "timedOut": null,
              "duration": 2066,
              "state": "passed",
              "speed": "slow",
              "pass": true,
              "fail": false,
              "pending": false,
              "context": null,
              "code": "cy.wait(2000);\ncy.log(\"4rd test passed\");",
              "err": {},
              "uuid": "e908914b-5797-49a4-822e-b205846d8cac",
              "parentUUID": "705d7ba1-a107-4e4f-80c3-879c28bd40af",
              "isHook": false,
              "skipped": false
            }
          ],
          "suites": [
            {
              "uuid": "2fb0d1e9-7cb4-4efd-a621-74d40c38757c",
              "title": "22.8.0 qa release tests Suite 6",
              "fullFile": "",
              "file": "",
              "beforeHooks": [],
              "afterHooks": [],
              "tests": [
                {
                  "title": "first test in reslease Suite 6",
                  "fullTitle": "Suite 5 - File 3 22.8.0 qa release tests Suite 6 first test in reslease Suite 6",
                  "timedOut": null,
                  "duration": 4074,
                  "state": "passed",
                  "speed": "slow",
                  "pass": true,
                  "fail": false,
                  "pending": false,
                  "context": null,
                  "code": "cy.wait(4000);\ncy.log(\"1st test passed\");",
                  "err": {},
                  "uuid": "78d836fa-87ca-4b39-ab22-e445de4bff2d",
                  "parentUUID": "2fb0d1e9-7cb4-4efd-a621-74d40c38757c",
                  "isHook": false,
                  "skipped": false
                },
                {
                  "title": "secound test in reslease Suite 6",
                  "fullTitle": "Suite 5 - File 3 22.8.0 qa release tests Suite 6 secound test in reslease Suite 6",
                  "timedOut": null,
                  "duration": 4039,
                  "state": "passed",
                  "speed": "slow",
                  "pass": true,
                  "fail": false,
                  "pending": false,
                  "context": null,
                  "code": "cy.wait(4000);\ncy.log(\"2nd test passed\");",
                  "err": {},
                  "uuid": "e71744c7-41bf-4c1c-882f-b938b5a208af",
                  "parentUUID": "2fb0d1e9-7cb4-4efd-a621-74d40c38757c",
                  "isHook": false,
                  "skipped": false
                },
                {
                  "title": "third test in reslease Suite 6",
                  "fullTitle": "Suite 5 - File 3 22.8.0 qa release tests Suite 6 third test in reslease Suite 6",
                  "timedOut": null,
                  "duration": 4061,
                  "state": "passed",
                  "speed": "slow",
                  "pass": true,
                  "fail": false,
                  "pending": false,
                  "context": null,
                  "code": "cy.wait(4000);\ncy.log(\"3rd test passed\");",
                  "err": {},
                  "uuid": "22ee36ae-55a8-4aa5-bc52-06d6b47a7225",
                  "parentUUID": "2fb0d1e9-7cb4-4efd-a621-74d40c38757c",
                  "isHook": false,
                  "skipped": false
                }
              ],
              "suites": [],
              "passes": [
                "78d836fa-87ca-4b39-ab22-e445de4bff2d",
                "e71744c7-41bf-4c1c-882f-b938b5a208af",
                "22ee36ae-55a8-4aa5-bc52-06d6b47a7225"
              ],
              "failures": [],
              "pending": [],
              "skipped": [],
              "duration": 12174,
              "root": false,
              "rootEmpty": false,
              "_timeout": 2000
            }
          ],
          "passes": [
            "46628dd1-eb4c-422d-ab2f-c23c07ad50b4",
            "233a85f0-7a08-4728-880f-614d8fd0e64e",
            "e32464b6-0e35-46e8-ad61-8182fa8698e4",
            "e908914b-5797-49a4-822e-b205846d8cac"
          ],
          "failures": [],
          "pending": [],
          "skipped": [],
          "duration": 8407,
          "root": false,
          "rootEmpty": false,
          "_timeout": 2000
        }
      ],
      "passes": [],
      "failures": [],
      "pending": [],
      "skipped": [],
      "duration": 0,
      "root": true,
      "rootEmpty": true,
      "_timeout": 2000
    },
    {
      "uuid": "2cf94852-ee96-4c1f-9898-fb815fa1db45",
      "title": "",
      "fullFile": "",
      "file": "",
      "beforeHooks": [],
      "afterHooks": [],
      "tests": [],
      "suites": [
        {
          "uuid": "6460be70-2012-40d4-b941-bebca27df6f0",
          "title": "Suite 1 - File 1",
          "fullFile": "",
          "file": "",
          "beforeHooks": [],
          "afterHooks": [],
          "tests": [
            {
              "title": "Suite 1 test 1 ",
              "fullTitle": "Suite 1 - File 1 Suite 1 test 1 ",
              "timedOut": null,
              "duration": 2261,
              "state": "passed",
              "speed": "slow",
              "pass": true,
              "fail": false,
              "pending": false,
              "context": null,
              "code": "cy.wait(2000);\ncy.log(\"1st test passed\");",
              "err": {},
              "uuid": "3b3e2e39-167b-4e9b-b736-dd9c5b564032",
              "parentUUID": "6460be70-2012-40d4-b941-bebca27df6f0",
              "isHook": false,
              "skipped": false
            },
            {
              "title": "Suite 1 test 2",
              "fullTitle": "Suite 1 - File 1 Suite 1 test 2",
              "timedOut": null,
              "duration": 2074,
              "state": "passed",
              "speed": "slow",
              "pass": true,
              "fail": false,
              "pending": false,
              "context": null,
              "code": "cy.wait(2000);\ncy.log(\"2nd test passed\");",
              "err": {},
              "uuid": "597ee345-a75b-41da-80d5-15964934e437",
              "parentUUID": "6460be70-2012-40d4-b941-bebca27df6f0",
              "isHook": false,
              "skipped": false
            },
            {
              "title": "Suite 1 test 3",
              "fullTitle": "Suite 1 - File 1 Suite 1 test 3",
              "timedOut": null,
              "duration": 2259,
              "state": "passed",
              "speed": "slow",
              "pass": true,
              "fail": false,
              "pending": false,
              "context": null,
              "code": "cy.wait(2000);\ncy.log(\"3rd test passed\");",
              "err": {},
              "uuid": "0faee886-8484-404d-822d-5a94822de9d2",
              "parentUUID": "6460be70-2012-40d4-b941-bebca27df6f0",
              "isHook": false,
              "skipped": false
            },
            {
              "title": "Suite 1 test 4",
              "fullTitle": "Suite 1 - File 1 Suite 1 test 4",
              "timedOut": null,
              "duration": 2139,
              "state": "passed",
              "speed": "slow",
              "pass": true,
              "fail": false,
              "pending": false,
              "context": null,
              "code": "cy.wait(2000);\ncy.log(\"4rd test passed\");",
              "err": {},
              "uuid": "d8808e40-2cf5-4b99-98f2-d159650b10a1",
              "parentUUID": "6460be70-2012-40d4-b941-bebca27df6f0",
              "isHook": false,
              "skipped": false
            }
          ],
          "suites": [
            {
              "uuid": "2a51a51a-ad10-48ca-b07a-d1962979d520",
              "title": "22.8.0 qa release tests Suite 2 - File 1",
              "fullFile": "",
              "file": "",
              "beforeHooks": [],
              "afterHooks": [],
              "tests": [
                {
                  "title": "first test in reslease Suite 2",
                  "fullTitle": "Suite 1 - File 1 22.8.0 qa release tests Suite 2 - File 1 first test in reslease Suite 2",
                  "timedOut": null,
                  "duration": 4123,
                  "state": "passed",
                  "speed": "slow",
                  "pass": true,
                  "fail": false,
                  "pending": false,
                  "context": null,
                  "code": "cy.wait(4000);\ncy.log(\"1st test passed\");",
                  "err": {},
                  "uuid": "5c79390e-81f8-4afd-b755-e88be5b6ea20",
                  "parentUUID": "2a51a51a-ad10-48ca-b07a-d1962979d520",
                  "isHook": false,
                  "skipped": false
                },
                {
                  "title": "secound test in reslease Suite 2",
                  "fullTitle": "Suite 1 - File 1 22.8.0 qa release tests Suite 2 - File 1 secound test in reslease Suite 2",
                  "timedOut": null,
                  "duration": 4164,
                  "state": "passed",
                  "speed": "slow",
                  "pass": true,
                  "fail": false,
                  "pending": false,
                  "context": null,
                  "code": "cy.wait(4000);\ncy.log(\"2nd test passed\");",
                  "err": {},
                  "uuid": "eeb7fbea-1321-4359-87ee-9c5c62a0d6a7",
                  "parentUUID": "2a51a51a-ad10-48ca-b07a-d1962979d520",
                  "isHook": false,
                  "skipped": false
                },
                {
                  "title": "third test in reslease Suite 2",
                  "fullTitle": "Suite 1 - File 1 22.8.0 qa release tests Suite 2 - File 1 third test in reslease Suite 2",
                  "timedOut": null,
                  "duration": 4157,
                  "state": "passed",
                  "speed": "slow",
                  "pass": true,
                  "fail": false,
                  "pending": false,
                  "context": null,
                  "code": "cy.wait(4000);\ncy.log(\"3rd test passed\");",
                  "err": {},
                  "uuid": "e2ff2b66-b30d-43d3-9436-96298088d490",
                  "parentUUID": "2a51a51a-ad10-48ca-b07a-d1962979d520",
                  "isHook": false,
                  "skipped": false
                }
              ],
              "suites": [],
              "passes": [
                "5c79390e-81f8-4afd-b755-e88be5b6ea20",
                "eeb7fbea-1321-4359-87ee-9c5c62a0d6a7",
                "e2ff2b66-b30d-43d3-9436-96298088d490"
              ],
              "failures": [],
              "pending": [],
              "skipped": [],
              "duration": 12444,
              "root": false,
              "rootEmpty": false,
              "_timeout": 2000
            }
          ],
          "passes": [
            "3b3e2e39-167b-4e9b-b736-dd9c5b564032",
            "597ee345-a75b-41da-80d5-15964934e437",
            "0faee886-8484-404d-822d-5a94822de9d2",
            "d8808e40-2cf5-4b99-98f2-d159650b10a1"
          ],
          "failures": [],
          "pending": [],
          "skipped": [],
          "duration": 8733,
          "root": false,
          "rootEmpty": false,
          "_timeout": 2000
        }
      ],
      "passes": [],
      "failures": [],
      "pending": [],
      "skipped": [],
      "duration": 0,
      "root": true,
      "rootEmpty": true,
      "_timeout": 2000
    }
  ],
  "meta": {
    "mocha": {
      "version": "5.2.0"
    },
    "mochawesome": {
      "options": {
        "quiet": false,
        "reportFilename": "mochawesome",
        "saveHtml": false,
        "saveJson": true,
        "consoleReporter": "spec",
        "useInlineDiffs": false
      },
      "version": "4.1.0"
    },
    "marge": {
      "options": {
        "id": "default",
        "mochaFile": "cypress/results/results-[hash].xml",
        "reportDir": "cypress/results",
        "overwrite": false,
        "html": false,
        "json": true
      },
      "version": "4.0.1"
    }
  }
}