{
  "stats": {
    "suites": 4,
    "tests": 28,
    "passes": 28,
    "pending": 0,
    "failures": 0,
    "start": "2019-12-09T19:52:54.895Z",
    "end": "2019-12-09T19:52:54.895Z",
    "duration": 82570,
    "testsRegistered": 28,
    "passPercent": 100,
    "pendingPercent": 0,
    "other": 0,
    "hasOther": false,
    "skipped": 0,
    "hasSkipped": false
  },
  "results": [
    {
      "uuid": "d0dbba91-b469-4a8c-9772-40b3e2ec72a6",
      "title": "",
      "fullFile": "",
      "file": "",
      "beforeHooks": [],
      "afterHooks": [],
      "tests": [],
      "suites": [
        {
          "uuid": "87adb0fb-6305-4f8a-baab-3fcb285256d8",
          "title": "Suite 5 - File 3",
          "fullFile": "",
          "file": "",
          "beforeHooks": [],
          "afterHooks": [],
          "tests": [
            {
              "title": "Suite 5 - Test 1",
              "fullTitle": "Suite 5 - File 3 Suite 5 - Test 1",
              "timedOut": null,
              "duration": 2120,
              "state": "passed",
              "speed": "slow",
              "pass": true,
              "fail": false,
              "pending": false,
              "context": null,
              "code": "cy.wait(2000);\ncy.log(\"1st test passed\");",
              "err": {},
              "uuid": "14619157-5569-4097-a168-141bfd9f4b65",
              "parentUUID": "87adb0fb-6305-4f8a-baab-3fcb285256d8",
              "isHook": false,
              "skipped": false
            },
            {
              "title": "Suite 5 - Test 2",
              "fullTitle": "Suite 5 - File 3 Suite 5 - Test 2",
              "timedOut": null,
              "duration": 2083,
              "state": "passed",
              "speed": "slow",
              "pass": true,
              "fail": false,
              "pending": false,
              "context": null,
              "code": "cy.wait(2000);\ncy.log(\"2nd test passed\");",
              "err": {},
              "uuid": "5f09b40b-0db4-4d0e-947c-cd5412c29856",
              "parentUUID": "87adb0fb-6305-4f8a-baab-3fcb285256d8",
              "isHook": false,
              "skipped": false
            },
            {
              "title": "Suite 5 - Test 3",
              "fullTitle": "Suite 5 - File 3 Suite 5 - Test 3",
              "timedOut": null,
              "duration": 2130,
              "state": "passed",
              "speed": "slow",
              "pass": true,
              "fail": false,
              "pending": false,
              "context": null,
              "code": "cy.wait(2000);\ncy.log(\"3rd test passed\");",
              "err": {},
              "uuid": "d70e3471-d3e4-484d-b50d-55b63e6267a1",
              "parentUUID": "87adb0fb-6305-4f8a-baab-3fcb285256d8",
              "isHook": false,
              "skipped": false
            },
            {
              "title": "Suite 5 - Test 4",
              "fullTitle": "Suite 5 - File 3 Suite 5 - Test 4",
              "timedOut": null,
              "duration": 2123,
              "state": "passed",
              "speed": "slow",
              "pass": true,
              "fail": false,
              "pending": false,
              "context": null,
              "code": "cy.wait(2000);\ncy.log(\"4rd test passed\");",
              "err": {},
              "uuid": "afe32cda-c0f2-44ea-80b0-16b51f333b17",
              "parentUUID": "87adb0fb-6305-4f8a-baab-3fcb285256d8",
              "isHook": false,
              "skipped": false
            }
          ],
          "suites": [
            {
              "uuid": "d04972c6-d78b-4b80-9eb5-f031bc16cccf",
              "title": "22.8.0 qa release tests Suite 6",
              "fullFile": "",
              "file": "",
              "beforeHooks": [],
              "afterHooks": [],
              "tests": [
                {
                  "title": "first test in reslease Suite 6",
                  "fullTitle": "Suite 5 - File 3 22.8.0 qa release tests Suite 6 first test in reslease Suite 6",
                  "timedOut": null,
                  "duration": 4086,
                  "state": "passed",
                  "speed": "slow",
                  "pass": true,
                  "fail": false,
                  "pending": false,
                  "context": null,
                  "code": "cy.wait(4000);\ncy.log(\"1st test passed\");",
                  "err": {},
                  "uuid": "c298288e-ccf9-4a21-af5e-58db26cd4ccf",
                  "parentUUID": "d04972c6-d78b-4b80-9eb5-f031bc16cccf",
                  "isHook": false,
                  "skipped": false
                },
                {
                  "title": "secound test in reslease Suite 6",
                  "fullTitle": "Suite 5 - File 3 22.8.0 qa release tests Suite 6 secound test in reslease Suite 6",
                  "timedOut": null,
                  "duration": 4055,
                  "state": "passed",
                  "speed": "slow",
                  "pass": true,
                  "fail": false,
                  "pending": false,
                  "context": null,
                  "code": "cy.wait(4000);\ncy.log(\"2nd test passed\");",
                  "err": {},
                  "uuid": "f7c1ee06-a11c-4a59-bc87-b28ba085d375",
                  "parentUUID": "d04972c6-d78b-4b80-9eb5-f031bc16cccf",
                  "isHook": false,
                  "skipped": false
                },
                {
                  "title": "third test in reslease Suite 6",
                  "fullTitle": "Suite 5 - File 3 22.8.0 qa release tests Suite 6 third test in reslease Suite 6",
                  "timedOut": null,
                  "duration": 4027,
                  "state": "passed",
                  "speed": "slow",
                  "pass": true,
                  "fail": false,
                  "pending": false,
                  "context": null,
                  "code": "cy.wait(4000);\ncy.log(\"3rd test passed\");",
                  "err": {},
                  "uuid": "e390bb0f-36b1-47d4-8203-a1701f1f856f",
                  "parentUUID": "d04972c6-d78b-4b80-9eb5-f031bc16cccf",
                  "isHook": false,
                  "skipped": false
                }
              ],
              "suites": [],
              "passes": [
                "c298288e-ccf9-4a21-af5e-58db26cd4ccf",
                "f7c1ee06-a11c-4a59-bc87-b28ba085d375",
                "e390bb0f-36b1-47d4-8203-a1701f1f856f"
              ],
              "failures": [],
              "pending": [],
              "skipped": [],
              "duration": 12168,
              "root": false,
              "rootEmpty": false,
              "_timeout": 2000
            }
          ],
          "passes": [
            "14619157-5569-4097-a168-141bfd9f4b65",
            "5f09b40b-0db4-4d0e-947c-cd5412c29856",
            "d70e3471-d3e4-484d-b50d-55b63e6267a1",
            "afe32cda-c0f2-44ea-80b0-16b51f333b17"
          ],
          "failures": [],
          "pending": [],
          "skipped": [],
          "duration": 8456,
          "root": false,
          "rootEmpty": false,
          "_timeout": 2000
        }
      ],
      "passes": [],
      "failures": [],
      "pending": [],
      "skipped": [],
      "duration": 0,
      "root": true,
      "rootEmpty": true,
      "_timeout": 2000
    },
    {
      "uuid": "9e6ed805-861a-4d6a-9d7a-40386e3a0214",
      "title": "",
      "fullFile": "",
      "file": "",
      "beforeHooks": [],
      "afterHooks": [],
      "tests": [],
      "suites": [
        {
          "uuid": "e77d5395-3ab4-4f36-972e-54e184b31814",
          "title": "Suite 1 - File 1",
          "fullFile": "",
          "file": "",
          "beforeHooks": [],
          "afterHooks": [],
          "tests": [
            {
              "title": "Suite 1 test 1 ",
              "fullTitle": "Suite 1 - File 1 Suite 1 test 1 ",
              "timedOut": null,
              "duration": 2181,
              "state": "passed",
              "speed": "slow",
              "pass": true,
              "fail": false,
              "pending": false,
              "context": null,
              "code": "cy.wait(2000);\ncy.log(\"1st test passed\");",
              "err": {},
              "uuid": "eb1bfdb0-563c-43e2-92c6-f935a42402b3",
              "parentUUID": "e77d5395-3ab4-4f36-972e-54e184b31814",
              "isHook": false,
              "skipped": false
            },
            {
              "title": "Suite 1 test 2",
              "fullTitle": "Suite 1 - File 1 Suite 1 test 2",
              "timedOut": null,
              "duration": 2095,
              "state": "passed",
              "speed": "slow",
              "pass": true,
              "fail": false,
              "pending": false,
              "context": null,
              "code": "cy.wait(2000);\ncy.log(\"2nd test passed\");",
              "err": {},
              "uuid": "063e0d75-68b1-485b-8804-66a9a4ba6ec5",
              "parentUUID": "e77d5395-3ab4-4f36-972e-54e184b31814",
              "isHook": false,
              "skipped": false
            },
            {
              "title": "Suite 1 test 3",
              "fullTitle": "Suite 1 - File 1 Suite 1 test 3",
              "timedOut": null,
              "duration": 2050,
              "state": "passed",
              "speed": "slow",
              "pass": true,
              "fail": false,
              "pending": false,
              "context": null,
              "code": "cy.wait(2000);\ncy.log(\"3rd test passed\");",
              "err": {},
              "uuid": "2a26ad02-4db0-44c9-bd75-44a4688bae03",
              "parentUUID": "e77d5395-3ab4-4f36-972e-54e184b31814",
              "isHook": false,
              "skipped": false
            },
            {
              "title": "Suite 1 test 4",
              "fullTitle": "Suite 1 - File 1 Suite 1 test 4",
              "timedOut": null,
              "duration": 2150,
              "state": "passed",
              "speed": "slow",
              "pass": true,
              "fail": false,
              "pending": false,
              "context": null,
              "code": "cy.wait(2000);\ncy.log(\"4rd test passed\");",
              "err": {},
              "uuid": "9e2e3030-24aa-4de7-8ea3-fd3a25be1285",
              "parentUUID": "e77d5395-3ab4-4f36-972e-54e184b31814",
              "isHook": false,
              "skipped": false
            }
          ],
          "suites": [
            {
              "uuid": "c85e088d-06bc-4d77-a19c-bdff0b6dc459",
              "title": "22.8.0 qa release tests Suite 2 - File 1",
              "fullFile": "",
              "file": "",
              "beforeHooks": [],
              "afterHooks": [],
              "tests": [
                {
                  "title": "first test in reslease Suite 2",
                  "fullTitle": "Suite 1 - File 1 22.8.0 qa release tests Suite 2 - File 1 first test in reslease Suite 2",
                  "timedOut": null,
                  "duration": 4088,
                  "state": "passed",
                  "speed": "slow",
                  "pass": true,
                  "fail": false,
                  "pending": false,
                  "context": null,
                  "code": "cy.wait(4000);\ncy.log(\"1st test passed\");",
                  "err": {},
                  "uuid": "fa34f6a2-83a9-47fc-8b76-47a0ad1596aa",
                  "parentUUID": "c85e088d-06bc-4d77-a19c-bdff0b6dc459",
                  "isHook": false,
                  "skipped": false
                },
                {
                  "title": "secound test in reslease Suite 2",
                  "fullTitle": "Suite 1 - File 1 22.8.0 qa release tests Suite 2 - File 1 secound test in reslease Suite 2",
                  "timedOut": null,
                  "duration": 4283,
                  "state": "passed",
                  "speed": "slow",
                  "pass": true,
                  "fail": false,
                  "pending": false,
                  "context": null,
                  "code": "cy.wait(4000);\ncy.log(\"2nd test passed\");",
                  "err": {},
                  "uuid": "6bd67d50-d006-4e02-a491-0998fa12de3e",
                  "parentUUID": "c85e088d-06bc-4d77-a19c-bdff0b6dc459",
                  "isHook": false,
                  "skipped": false
                },
                {
                  "title": "third test in reslease Suite 2",
                  "fullTitle": "Suite 1 - File 1 22.8.0 qa release tests Suite 2 - File 1 third test in reslease Suite 2",
                  "timedOut": null,
                  "duration": 4097,
                  "state": "passed",
                  "speed": "slow",
                  "pass": true,
                  "fail": false,
                  "pending": false,
                  "context": null,
                  "code": "cy.wait(4000);\ncy.log(\"3rd test passed\");",
                  "err": {},
                  "uuid": "bbce8d1a-792d-49ba-b6cb-d09d8c6d11d1",
                  "parentUUID": "c85e088d-06bc-4d77-a19c-bdff0b6dc459",
                  "isHook": false,
                  "skipped": false
                }
              ],
              "suites": [],
              "passes": [
                "fa34f6a2-83a9-47fc-8b76-47a0ad1596aa",
                "6bd67d50-d006-4e02-a491-0998fa12de3e",
                "bbce8d1a-792d-49ba-b6cb-d09d8c6d11d1"
              ],
              "failures": [],
              "pending": [],
              "skipped": [],
              "duration": 12468,
              "root": false,
              "rootEmpty": false,
              "_timeout": 2000
            }
          ],
          "passes": [
            "eb1bfdb0-563c-43e2-92c6-f935a42402b3",
            "063e0d75-68b1-485b-8804-66a9a4ba6ec5",
            "2a26ad02-4db0-44c9-bd75-44a4688bae03",
            "9e2e3030-24aa-4de7-8ea3-fd3a25be1285"
          ],
          "failures": [],
          "pending": [],
          "skipped": [],
          "duration": 8476,
          "root": false,
          "rootEmpty": false,
          "_timeout": 2000
        }
      ],
      "passes": [],
      "failures": [],
      "pending": [],
      "skipped": [],
      "duration": 0,
      "root": true,
      "rootEmpty": true,
      "_timeout": 2000
    },
    {
      "uuid": "7732b8c8-d15f-40cd-b7b7-b18d671c611e",
      "title": "",
      "fullFile": "",
      "file": "",
      "beforeHooks": [],
      "afterHooks": [],
      "tests": [],
      "suites": [
        {
          "uuid": "a0e4b84b-bf98-4fc2-a4b1-3d57ed749a30",
          "title": "Suite 7 - File 4",
          "fullFile": "",
          "file": "",
          "beforeHooks": [],
          "afterHooks": [],
          "tests": [
            {
              "title": "Suite 7 - Test 1",
              "fullTitle": "Suite 7 - File 4 Suite 7 - Test 1",
              "timedOut": null,
              "duration": 2082,
              "state": "passed",
              "speed": "slow",
              "pass": true,
              "fail": false,
              "pending": false,
              "context": null,
              "code": "cy.wait(2000);\ncy.log(\"1st test passed\");",
              "err": {},
              "uuid": "49b394aa-1703-40ec-affb-c6e6c5efd5a3",
              "parentUUID": "a0e4b84b-bf98-4fc2-a4b1-3d57ed749a30",
              "isHook": false,
              "skipped": false
            },
            {
              "title": "Suite 7 - Test 2 ",
              "fullTitle": "Suite 7 - File 4 Suite 7 - Test 2 ",
              "timedOut": null,
              "duration": 2148,
              "state": "passed",
              "speed": "slow",
              "pass": true,
              "fail": false,
              "pending": false,
              "context": null,
              "code": "cy.wait(2000);\ncy.log(\"2nd test passed\");",
              "err": {},
              "uuid": "12826ce6-4163-4c97-9f19-0de123ab6546",
              "parentUUID": "a0e4b84b-bf98-4fc2-a4b1-3d57ed749a30",
              "isHook": false,
              "skipped": false
            },
            {
              "title": "Suite 7 - Test 3",
              "fullTitle": "Suite 7 - File 4 Suite 7 - Test 3",
              "timedOut": null,
              "duration": 2026,
              "state": "passed",
              "speed": "slow",
              "pass": true,
              "fail": false,
              "pending": false,
              "context": null,
              "code": "cy.wait(2000);\ncy.log(\"3rd test passed\");",
              "err": {},
              "uuid": "c4112543-feac-4a22-9a68-c58885e53449",
              "parentUUID": "a0e4b84b-bf98-4fc2-a4b1-3d57ed749a30",
              "isHook": false,
              "skipped": false
            },
            {
              "title": "Suite 7 - Test 4 ",
              "fullTitle": "Suite 7 - File 4 Suite 7 - Test 4 ",
              "timedOut": null,
              "duration": 2167,
              "state": "passed",
              "speed": "slow",
              "pass": true,
              "fail": false,
              "pending": false,
              "context": null,
              "code": "cy.wait(2000);\ncy.log(\"4rd test passed\");",
              "err": {},
              "uuid": "0ba93fdb-e334-4ddd-aa0c-3f287dd8a6af",
              "parentUUID": "a0e4b84b-bf98-4fc2-a4b1-3d57ed749a30",
              "isHook": false,
              "skipped": false
            }
          ],
          "suites": [
            {
              "uuid": "82878032-f090-4563-86da-0915fd4081d4",
              "title": "22.8.0 qa release tests Suite 8",
              "fullFile": "",
              "file": "",
              "beforeHooks": [],
              "afterHooks": [],
              "tests": [
                {
                  "title": "first test in reslease Suite 8",
                  "fullTitle": "Suite 7 - File 4 22.8.0 qa release tests Suite 8 first test in reslease Suite 8",
                  "timedOut": null,
                  "duration": 4091,
                  "state": "passed",
                  "speed": "slow",
                  "pass": true,
                  "fail": false,
                  "pending": false,
                  "context": null,
                  "code": "cy.wait(4000);\ncy.log(\"1st test passed\");",
                  "err": {},
                  "uuid": "74b1719f-b8fe-4e90-ac44-d7a48884a5a0",
                  "parentUUID": "82878032-f090-4563-86da-0915fd4081d4",
                  "isHook": false,
                  "skipped": false
                },
                {
                  "title": "secound test in reslease Suite 8",
                  "fullTitle": "Suite 7 - File 4 22.8.0 qa release tests Suite 8 secound test in reslease Suite 8",
                  "timedOut": null,
                  "duration": 4012,
                  "state": "passed",
                  "speed": "slow",
                  "pass": true,
                  "fail": false,
                  "pending": false,
                  "context": null,
                  "code": "cy.wait(4000);\ncy.log(\"2nd test passed\");",
                  "err": {},
                  "uuid": "51daf332-2fe9-47c0-895e-2945d14258ba",
                  "parentUUID": "82878032-f090-4563-86da-0915fd4081d4",
                  "isHook": false,
                  "skipped": false
                },
                {
                  "title": "third test in reslease Suite 8",
                  "fullTitle": "Suite 7 - File 4 22.8.0 qa release tests Suite 8 third test in reslease Suite 8",
                  "timedOut": null,
                  "duration": 4055,
                  "state": "passed",
                  "speed": "slow",
                  "pass": true,
                  "fail": false,
                  "pending": false,
                  "context": null,
                  "code": "cy.wait(4000);\ncy.log(\"3rd test passed\");",
                  "err": {},
                  "uuid": "7e56d0e7-0e96-4898-8f1c-51000315a7e4",
                  "parentUUID": "82878032-f090-4563-86da-0915fd4081d4",
                  "isHook": false,
                  "skipped": false
                }
              ],
              "suites": [],
              "passes": [
                "74b1719f-b8fe-4e90-ac44-d7a48884a5a0",
                "51daf332-2fe9-47c0-895e-2945d14258ba",
                "7e56d0e7-0e96-4898-8f1c-51000315a7e4"
              ],
              "failures": [],
              "pending": [],
              "skipped": [],
              "duration": 12158,
              "root": false,
              "rootEmpty": false,
              "_timeout": 2000
            }
          ],
          "passes": [
            "49b394aa-1703-40ec-affb-c6e6c5efd5a3",
            "12826ce6-4163-4c97-9f19-0de123ab6546",
            "c4112543-feac-4a22-9a68-c58885e53449",
            "0ba93fdb-e334-4ddd-aa0c-3f287dd8a6af"
          ],
          "failures": [],
          "pending": [],
          "skipped": [],
          "duration": 8423,
          "root": false,
          "rootEmpty": false,
          "_timeout": 2000
        }
      ],
      "passes": [],
      "failures": [],
      "pending": [],
      "skipped": [],
      "duration": 0,
      "root": true,
      "rootEmpty": true,
      "_timeout": 2000
    },
    {
      "uuid": "9d22510d-2e6b-42f8-af90-79c877a52d86",
      "title": "",
      "fullFile": "",
      "file": "",
      "beforeHooks": [],
      "afterHooks": [],
      "tests": [],
      "suites": [
        {
          "uuid": "d5f61b6a-b84c-45b8-9bcb-e4f19f311c03",
          "title": "Suite 3 - File 2",
          "fullFile": "",
          "file": "",
          "beforeHooks": [],
          "afterHooks": [],
          "tests": [
            {
              "title": "sample 1 test 1 ",
              "fullTitle": "Suite 3 - File 2 sample 1 test 1 ",
              "timedOut": null,
              "duration": 2099,
              "state": "passed",
              "speed": "slow",
              "pass": true,
              "fail": false,
              "pending": false,
              "context": null,
              "code": "cy.wait(2000);\ncy.log(\"1st test passed\");",
              "err": {},
              "uuid": "a62fb82c-6981-45f2-bdae-10c77e3ac8aa",
              "parentUUID": "d5f61b6a-b84c-45b8-9bcb-e4f19f311c03",
              "isHook": false,
              "skipped": false
            },
            {
              "title": "sample 1 test 2",
              "fullTitle": "Suite 3 - File 2 sample 1 test 2",
              "timedOut": null,
              "duration": 2016,
              "state": "passed",
              "speed": "slow",
              "pass": true,
              "fail": false,
              "pending": false,
              "context": null,
              "code": "cy.wait(2000);\ncy.log(\"2nd test passed\");",
              "err": {},
              "uuid": "7710f01d-4df2-44cb-be61-2a5a3f179958",
              "parentUUID": "d5f61b6a-b84c-45b8-9bcb-e4f19f311c03",
              "isHook": false,
              "skipped": false
            },
            {
              "title": "sample 1 test 3",
              "fullTitle": "Suite 3 - File 2 sample 1 test 3",
              "timedOut": null,
              "duration": 2092,
              "state": "passed",
              "speed": "slow",
              "pass": true,
              "fail": false,
              "pending": false,
              "context": null,
              "code": "cy.wait(2000);\ncy.log(\"3rd test passed\");",
              "err": {},
              "uuid": "713728a9-0bc9-40e9-bd9f-fae33decd58b",
              "parentUUID": "d5f61b6a-b84c-45b8-9bcb-e4f19f311c03",
              "isHook": false,
              "skipped": false
            },
            {
              "title": "sample 1 test 4",
              "fullTitle": "Suite 3 - File 2 sample 1 test 4",
              "timedOut": null,
              "duration": 2142,
              "state": "passed",
              "speed": "slow",
              "pass": true,
              "fail": false,
              "pending": false,
              "context": null,
              "code": "cy.wait(2000);\ncy.log(\"4rd test passed\");",
              "err": {},
              "uuid": "a60babac-4c54-47de-b7b0-be3117633beb",
              "parentUUID": "d5f61b6a-b84c-45b8-9bcb-e4f19f311c03",
              "isHook": false,
              "skipped": false
            }
          ],
          "suites": [
            {
              "uuid": "d6eb1199-0b4a-4d59-a17d-c756ab97afa3",
              "title": "22.8.0 qa release tests Suite 4 - File 2",
              "fullFile": "",
              "file": "",
              "beforeHooks": [],
              "afterHooks": [],
              "tests": [
                {
                  "title": "first test in reslease Suite 4",
                  "fullTitle": "Suite 3 - File 2 22.8.0 qa release tests Suite 4 - File 2 first test in reslease Suite 4",
                  "timedOut": null,
                  "duration": 4040,
                  "state": "passed",
                  "speed": "slow",
                  "pass": true,
                  "fail": false,
                  "pending": false,
                  "context": null,
                  "code": "cy.wait(4000);\ncy.log(\"1st test passed\");",
                  "err": {},
                  "uuid": "29f3b8de-567a-4d11-b701-98e747a0ef30",
                  "parentUUID": "d6eb1199-0b4a-4d59-a17d-c756ab97afa3",
                  "isHook": false,
                  "skipped": false
                },
                {
                  "title": "secound test in reslease Suite 4",
                  "fullTitle": "Suite 3 - File 2 22.8.0 qa release tests Suite 4 - File 2 secound test in reslease Suite 4",
                  "timedOut": null,
                  "duration": 4019,
                  "state": "passed",
                  "speed": "slow",
                  "pass": true,
                  "fail": false,
                  "pending": false,
                  "context": null,
                  "code": "cy.wait(4000);\ncy.log(\"2nd test passed\");",
                  "err": {},
                  "uuid": "a94e4f54-7751-43f0-8b88-fd4b7b1a501d",
                  "parentUUID": "d6eb1199-0b4a-4d59-a17d-c756ab97afa3",
                  "isHook": false,
                  "skipped": false
                },
                {
                  "title": "third test in reslease Suite 4",
                  "fullTitle": "Suite 3 - File 2 22.8.0 qa release tests Suite 4 - File 2 third test in reslease Suite 4",
                  "timedOut": null,
                  "duration": 4013,
                  "state": "passed",
                  "speed": "slow",
                  "pass": true,
                  "fail": false,
                  "pending": false,
                  "context": null,
                  "code": "cy.wait(4000);\ncy.log(\"3rd test passed\");",
                  "err": {},
                  "uuid": "d2f3c831-534c-4e28-bbe8-31ed45c0fae9",
                  "parentUUID": "d6eb1199-0b4a-4d59-a17d-c756ab97afa3",
                  "isHook": false,
                  "skipped": false
                }
              ],
              "suites": [],
              "passes": [
                "29f3b8de-567a-4d11-b701-98e747a0ef30",
                "a94e4f54-7751-43f0-8b88-fd4b7b1a501d",
                "d2f3c831-534c-4e28-bbe8-31ed45c0fae9"
              ],
              "failures": [],
              "pending": [],
              "skipped": [],
              "duration": 12072,
              "root": false,
              "rootEmpty": false,
              "_timeout": 2000
            }
          ],
          "passes": [
            "a62fb82c-6981-45f2-bdae-10c77e3ac8aa",
            "7710f01d-4df2-44cb-be61-2a5a3f179958",
            "713728a9-0bc9-40e9-bd9f-fae33decd58b",
            "a60babac-4c54-47de-b7b0-be3117633beb"
          ],
          "failures": [],
          "pending": [],
          "skipped": [],
          "duration": 8349,
          "root": false,
          "rootEmpty": false,
          "_timeout": 2000
        }
      ],
      "passes": [],
      "failures": [],
      "pending": [],
      "skipped": [],
      "duration": 0,
      "root": true,
      "rootEmpty": true,
      "_timeout": 2000
    }
  ],
  "meta": {
    "mocha": {
      "version": "5.2.0"
    },
    "mochawesome": {
      "options": {
        "quiet": false,
        "reportFilename": "mochawesome",
        "saveHtml": false,
        "saveJson": true,
        "consoleReporter": "spec",
        "useInlineDiffs": false
      },
      "version": "4.1.0"
    },
    "marge": {
      "options": {
        "id": "default",
        "mochaFile": "cypress/results/results-[hash].xml",
        "reportDir": "cypress/results",
        "overwrite": false,
        "html": false,
        "json": true
      },
      "version": "4.0.1"
    }
  }
}